\BOOKMARK [1][-]{section.1}{Typographische\040Konventionen}{}% 1
\BOOKMARK [1][-]{section.2}{Einleitung}{}% 2
\BOOKMARK [1][-]{section.3}{Zu\040den\040Cookies}{}% 3
\BOOKMARK [1][-]{section.4}{Benutzung\040und\040Details}{}% 4
\BOOKMARK [2][-]{subsection.4.1}{Alle Prüfungsleistungen}{section.4}% 5
\BOOKMARK [3][-]{subsubsection.4.1.1}{Planung von Prüfungsleistungen}{subsection.4.1}% 6
\BOOKMARK [2][-]{subsection.4.2}{Veranstaltungen}{section.4}% 7
\BOOKMARK [3][-]{subsubsection.4.2.1}{Menüs in einzelnen Studiengängen/allen Veranstaltungen}{subsection.4.2}% 8
\BOOKMARK [4][-]{subsubsubsection.4.2.1.1}{Filter\040anzeigen/ausblenden}{subsubsection.4.2.1}% 9
\BOOKMARK [4][-]{subsubsubsection.4.2.1.2}{Details\040anzeigen/ausblenden}{subsubsection.4.2.1}% 10
\BOOKMARK [4][-]{subsubsubsection.4.2.1.3}{Stundenplanerstellung}{subsubsection.4.2.1}% 11
\BOOKMARK [3][-]{subsubsection.4.2.2}{Manuelle\040und\040Halbautomatische\040Stundenplanerstellung}{subsection.4.2}% 12
\BOOKMARK [4][-]{subsubsubsection.4.2.2.1}{Manuelle\040Stundenplanerstellung}{subsubsection.4.2.2}% 13
\BOOKMARK [4][-]{subsubsubsection.4.2.2.2}{Halbautomatische\040Stundenplanerstellung}{subsubsection.4.2.2}% 14
\BOOKMARK [3][-]{subsubsection.4.2.3}{Alle Veranstaltungen und einzelne Studiengänge}{subsection.4.2}% 15
\BOOKMARK [4][-]{subsubsubsection.4.2.3.1}{Die\040Veranstaltungsbox\040\(siehe\040Abbildung\0403\)}{subsubsection.4.2.3}% 16
\BOOKMARK [3][-]{subsubsection.4.2.4}{Einzelne Studiengänge}{subsection.4.2}% 17
\BOOKMARK [2][-]{subsection.4.3}{Dokumentenersteller}{section.4}% 18
\BOOKMARK [2][-]{subsection.4.4}{FAQ}{section.4}% 19
\BOOKMARK [1][-]{section.5}{API}{}% 20
\BOOKMARK [1][-]{section.6}{Zukünftige Ideen}{}% 21
\BOOKMARK [1][-]{section.7}{Fehlerbehebung}{}% 22
\BOOKMARK [1][-]{section.8}{Fehler oder Wünsche melden}{}% 23
\BOOKMARK [1][-]{section.9}{Urheberrechte\040&\040Danksagungen}{}% 24
\BOOKMARK [1][-]{section.10}{Quellen}{}% 25
